[debug] [2022-05-31T15:20:22.969Z] ----------------------------------------------------------------------
[debug] [2022-05-31T15:20:22.970Z] Command:       /opt/homebrew/Cellar/node@14/14.19.1/bin/node /opt/homebrew/bin/firebase emulators:start --only functions
[debug] [2022-05-31T15:20:22.970Z] CLI Version:   10.7.2
[debug] [2022-05-31T15:20:22.970Z] Platform:      darwin
[debug] [2022-05-31T15:20:22.970Z] Node Version:  v14.19.1
[debug] [2022-05-31T15:20:22.970Z] Time:          Tue May 31 2022 11:20:22 GMT-0400 (Eastern Daylight Time)
[debug] [2022-05-31T15:20:22.970Z] ----------------------------------------------------------------------
[debug] 
[debug] [2022-05-31T15:20:23.001Z] > command requires scopes: ["email","openid","https://www.googleapis.com/auth/cloudplatformprojects.readonly","https://www.googleapis.com/auth/firebase","https://www.googleapis.com/auth/cloud-platform"]
[debug] [2022-05-31T15:20:23.001Z] > authorizing via signed-in user (theo8pizza@gmail.com)
[info] i  emulators: Starting emulators: functions {"metadata":{"emulator":{"name":"hub"},"message":"Starting emulators: functions"}}
[debug] [2022-05-31T15:20:23.008Z] [hub] writing locator at /var/folders/w5/1bw0zjj17sz074z5w34xlb8m0000gn/T/hub-selfimonke-33fd4.json
[warn] ⚠  functions: The following emulators are not running, calls to these services from the Functions emulator will affect production: auth, firestore, database, hosting, pubsub, storage {"metadata":{"emulator":{"name":"functions"},"message":"The following emulators are not running, calls to these services from the Functions emulator will affect production: \u001b[1mauth, firestore, database, hosting, pubsub, storage\u001b[22m"}}
[warn] ⚠  Your requested "node" version "16" doesn't match your global version "14". Using node@14 from host. {"metadata":{"emulator":{"name":"functions"},"message":"Your requested \"node\" version \"16\" doesn't match your global version \"14\". Using node@14 from host."}}
[debug] [2022-05-31T15:20:23.015Z] defaultcredentials: writing to file /Users/theo/.config/firebase/theo8pizza_gmail_com_application_default_credentials.json
[debug] [2022-05-31T15:20:23.018Z] Setting GAC to /Users/theo/.config/firebase/theo8pizza_gmail_com_application_default_credentials.json {"metadata":{"emulator":{"name":"functions"},"message":"Setting GAC to /Users/theo/.config/firebase/theo8pizza_gmail_com_application_default_credentials.json"}}
[debug] [2022-05-31T15:20:23.018Z] > refreshing access token with scopes: []
[debug] [2022-05-31T15:20:23.019Z] >>> HTTP REQUEST POST https://www.googleapis.com/oauth2/v3/token  
 <request body omitted>
[debug] [2022-05-31T15:20:23.135Z] <<< HTTP RESPONSE 200 {"date":"Tue, 31 May 2022 15:20:23 GMT","pragma":"no-cache","expires":"Mon, 01 Jan 1990 00:00:00 GMT","cache-control":"no-cache, no-store, max-age=0, must-revalidate","content-type":"application/json; charset=utf-8","vary":"X-Origin, Referer, Origin,Accept-Encoding","server":"scaffolding on HTTPServer2","x-xss-protection":"0","x-frame-options":"SAMEORIGIN","x-content-type-options":"nosniff","alt-svc":"h3=\":443\"; ma=2592000,h3-29=\":443\"; ma=2592000,h3-Q050=\":443\"; ma=2592000,h3-Q046=\":443\"; ma=2592000,h3-Q043=\":443\"; ma=2592000,quic=\":443\"; ma=2592000; v=\"46,43\"","accept-ranges":"none","transfer-encoding":"chunked"}
[debug] [2022-05-31T15:20:23.178Z] >>> [apiv2][query] GET https://firebase.googleapis.com/v1beta1/projects/selfimonke-33fd4/adminSdkConfig [none]
[debug] [2022-05-31T15:20:23.501Z] <<< [apiv2][status] GET https://firebase.googleapis.com/v1beta1/projects/selfimonke-33fd4/adminSdkConfig 200
[debug] [2022-05-31T15:20:23.501Z] <<< [apiv2][body] GET https://firebase.googleapis.com/v1beta1/projects/selfimonke-33fd4/adminSdkConfig {"projectId":"selfimonke-33fd4","storageBucket":"selfimonke-33fd4.appspot.com","locationId":"us-east1"}
[warn] ⚠  ui: Emulator UI unable to start on port 4000, starting on 4008 instead. {"metadata":{"emulator":{"name":"ui"},"message":"Emulator UI unable to start on port 4000, starting on 4008 instead."}}
[debug] [2022-05-31T15:20:23.546Z] Ignoring unsupported arg: auto_download {"metadata":{"emulator":{"name":"ui"},"message":"Ignoring unsupported arg: auto_download"}}
[debug] [2022-05-31T15:20:23.546Z] Ignoring unsupported arg: port {"metadata":{"emulator":{"name":"ui"},"message":"Ignoring unsupported arg: port"}}
[debug] [2022-05-31T15:20:23.546Z] Starting Emulator UI with command {"binary":"node","args":["/Users/theo/.cache/firebase/emulators/ui-v1.6.6/server.bundle.js"],"optionalArgs":[],"joinArgs":false} {"metadata":{"emulator":{"name":"ui"},"message":"Starting Emulator UI with command {\"binary\":\"node\",\"args\":[\"/Users/theo/.cache/firebase/emulators/ui-v1.6.6/server.bundle.js\"],\"optionalArgs\":[],\"joinArgs\":false}"}}
[info] i  ui: Emulator UI logging to ui-debug.log {"metadata":{"emulator":{"name":"ui"},"message":"Emulator UI logging to \u001b[1mui-debug.log\u001b[22m"}}
[debug] [2022-05-31T15:20:23.617Z] Web / API server started at localhost:4008
 {"metadata":{"emulator":{"name":"ui"},"message":"Web / API server started at localhost:4008\n"}}
[info] i  functions: Watching "/Users/theo/Projects/quikmint/functions" for Cloud Functions... {"metadata":{"emulator":{"name":"functions"},"message":"Watching \"/Users/theo/Projects/quikmint/functions\" for Cloud Functions..."}}
[debug] [2022-05-31T15:20:23.805Z] Validating nodejs source
[debug] [2022-05-31T15:20:25.068Z] > [functions] package.json contents: {
  "name": "functions",
  "scripts": {
    "lint": "eslint --ext .js,.ts .",
    "build": "tsc",
    "serve": "npm run build && firebase emulators:start --only functions",
    "shell": "npm run build && firebase functions:shell",
    "start": "npm run shell",
    "deploy": "firebase deploy --only functions",
    "logs": "firebase functions:log"
  },
  "engines": {
    "node": "16"
  },
  "main": "lib/index.js",
  "dependencies": {
    "@sendgrid/mail": "^7.6.2",
    "@truffle/hdwallet-provider": "^2.0.8",
    "@types/ethereum-protocol": "^1.0.2",
    "@types/express-jwt": "^6.0.4",
    "cors": "^2.8.5",
    "dotenv": "^16.0.0",
    "express": "^4.17.2",
    "express-jwt": "^7.5.1",
    "firebase-admin": "^10.0.2",
    "firebase-functions": "^3.21.2",
    "helmet": "^5.0.2",
    "jwks-rsa": "^2.1.0",
    "stripe": "^8.205.0",
    "web3": "^1.7.1"
  },
  "devDependencies": {
    "@types/jsonwebtoken": "^8.5.8",
    "@types/web3": "^1.0.20",
    "@typescript-eslint/eslint-plugin": "^5.12.0",
    "@typescript-eslint/parser": "^5.12.0",
    "eslint": "^8.9.0",
    "eslint-config-google": "^0.14.0",
    "eslint-plugin-import": "^2.25.4",
    "firebase-functions-test": "^0.2.0",
    "typescript": "^4.5.4"
  },
  "private": true
}
[debug] [2022-05-31T15:20:25.068Z] Building nodejs source
[debug] [2022-05-31T15:20:25.068Z] Analyzing nodejs backend spec
[debug] [2022-05-31T15:20:25.683Z] [work-queue] {"queueLength":1,"workRunningCount":0}
[debug] [2022-05-31T15:20:25.683Z] [work-queue] {"queueLength":0,"workRunningCount":1}
[debug] [2022-05-31T15:20:25.683Z] [work-queue] {"queueLength":0,"workRunningCount":0}
[info] ✔  functions[us-central1-qmtest]: http function initialized (http://localhost:5001/selfimonke-33fd4/us-central1/qmtest). {"metadata":{"emulator":{"name":"functions"},"message":"\u001b[1mhttp\u001b[22m function initialized (http://localhost:5001/selfimonke-33fd4/us-central1/qmtest)."}}
[info] i  functions[us-central1-firebaseInquiryEmail]: function ignored because the firestore emulator does not exist or is not running. {"metadata":{"emulator":{"name":"functions"},"message":"function ignored because the firestore emulator does not exist or is not running."}}
[info] ✔  functions[us-central1-convertToTimeFrame]: http function initialized (http://localhost:5001/selfimonke-33fd4/us-central1/convertToTimeFrame). {"metadata":{"emulator":{"name":"functions"},"message":"\u001b[1mhttp\u001b[22m function initialized (http://localhost:5001/selfimonke-33fd4/us-central1/convertToTimeFrame)."}}
[info] 
┌─────────────────────────────────────────────────────────────┐
│ ✔  All emulators ready! It is now safe to connect your app. │
│ i  View Emulator UI at http://localhost:4008                │
└─────────────────────────────────────────────────────────────┘

┌───────────┬────────────────┬─────────────────────────────────┐
│ Emulator  │ Host:Port      │ View in Emulator UI             │
├───────────┼────────────────┼─────────────────────────────────┤
│ Functions │ localhost:5001 │ http://localhost:4008/functions │
└───────────┴────────────────┴─────────────────────────────────┘
  Emulator Hub running at localhost:4400
  Other reserved ports: 4500

Issues? Report them at https://github.com/firebase/firebase-tools/issues and attach the *-debug.log files.
 
[debug] [2022-05-31T15:20:29.884Z] [work-queue] {"queueLength":1,"workRunningCount":0}
[debug] [2022-05-31T15:20:29.885Z] [work-queue] {"queueLength":0,"workRunningCount":1}
[debug] [2022-05-31T15:20:29.885Z] Accepted request OPTIONS /selfimonke-33fd4/us-central1/convertToTimeFrame --> us-central1-convertToTimeFrame
[info] i  functions: Loaded environment variables from .env. 
[debug] [2022-05-31T15:20:29.897Z] [worker-pool] addWorker(us-central1-convertToTimeFrame) {"metadata":{"emulator":{"name":"functions"},"message":"[worker-pool] addWorker(us-central1-convertToTimeFrame)"}}
[debug] [2022-05-31T15:20:29.898Z] [worker-pool] Adding worker with key us-central1-convertToTimeFrame, total=1 {"metadata":{"emulator":{"name":"functions"},"message":"[worker-pool] Adding worker with key us-central1-convertToTimeFrame, total=1"}}
[debug] [2022-05-31T15:20:29.898Z] [worker-pool] submitWork(triggerId=us-central1-convertToTimeFrame) {"metadata":{"emulator":{"name":"functions"},"message":"[worker-pool] submitWork(triggerId=us-central1-convertToTimeFrame)"}}
[debug] [2022-05-31T15:20:29.898Z] [worker-us-central1-convertToTimeFrame-f07e79d9-27fb-427c-b930-db733fee727e]: Assigning socketPath: /var/folders/w5/1bw0zjj17sz074z5w34xlb8m0000gn/T/fire_emu_19098.sock {"metadata":{"emulator":{"name":"functions"},"message":"[worker-us-central1-convertToTimeFrame-f07e79d9-27fb-427c-b930-db733fee727e]: Assigning socketPath: /var/folders/w5/1bw0zjj17sz074z5w34xlb8m0000gn/T/fire_emu_19098.sock"}}
[debug] [2022-05-31T15:20:29.899Z] [worker-us-central1-convertToTimeFrame-f07e79d9-27fb-427c-b930-db733fee727e]: BUSY {"metadata":{"emulator":{"name":"functions"},"message":"[worker-us-central1-convertToTimeFrame-f07e79d9-27fb-427c-b930-db733fee727e]: BUSY"}}
[debug] [2022-05-31T15:20:30.274Z] [runtime-status] [19098] Functions runtime initialized. {"cwd":"/Users/theo/Projects/quikmint/functions","node_version":"14.19.1"} {"metadata":{"emulator":{"name":"functions"},"function":{"name":"us-central1-convertToTimeFrame"},"extension":{},"message":"[runtime-status] [19098] Functions runtime initialized. {\"cwd\":\"/Users/theo/Projects/quikmint/functions\",\"node_version\":\"14.19.1\"}"}}
[debug] [2022-05-31T15:20:30.274Z] [runtime-status] [19098] Disabled runtime features: undefined {"metadata":{"emulator":{"name":"functions"},"function":{"name":"us-central1-convertToTimeFrame"},"extension":{},"message":"[runtime-status] [19098] Disabled runtime features: undefined"}}
[debug] [2022-05-31T15:20:30.275Z] [runtime-status] [19098] Resolved module firebase-admin {"declared":true,"installed":true,"version":"10.1.0","resolution":"/Users/theo/Projects/quikmint/functions/node_modules/firebase-admin/lib/index.js"} {"metadata":{"emulator":{"name":"functions"},"function":{"name":"us-central1-convertToTimeFrame"},"extension":{},"message":"[runtime-status] [19098] Resolved module firebase-admin {\"declared\":true,\"installed\":true,\"version\":\"10.1.0\",\"resolution\":\"/Users/theo/Projects/quikmint/functions/node_modules/firebase-admin/lib/index.js\"}"}}
[debug] [2022-05-31T15:20:30.276Z] [runtime-status] [19098] Resolved module firebase-functions {"declared":true,"installed":true,"version":"3.21.2","resolution":"/Users/theo/Projects/quikmint/functions/node_modules/firebase-functions/lib/index.js"} {"metadata":{"emulator":{"name":"functions"},"function":{"name":"us-central1-convertToTimeFrame"},"extension":{},"message":"[runtime-status] [19098] Resolved module firebase-functions {\"declared\":true,\"installed\":true,\"version\":\"3.21.2\",\"resolution\":\"/Users/theo/Projects/quikmint/functions/node_modules/firebase-functions/lib/index.js\"}"}}
[debug] [2022-05-31T15:20:30.276Z] [runtime-status] [19098] Outgoing network have been stubbed. [{"name":"http","status":"mocked"},{"name":"http","status":"mocked"},{"name":"https","status":"mocked"},{"name":"https","status":"mocked"},{"name":"net","status":"mocked"}] {"metadata":{"emulator":{"name":"functions"},"function":{"name":"us-central1-convertToTimeFrame"},"extension":{},"message":"[runtime-status] [19098] Outgoing network have been stubbed. [{\"name\":\"http\",\"status\":\"mocked\"},{\"name\":\"http\",\"status\":\"mocked\"},{\"name\":\"https\",\"status\":\"mocked\"},{\"name\":\"https\",\"status\":\"mocked\"},{\"name\":\"net\",\"status\":\"mocked\"}]"}}
[debug] [2022-05-31T15:20:30.276Z] [runtime-status] [19098] Resolved module firebase-functions {"declared":true,"installed":true,"version":"3.21.2","resolution":"/Users/theo/Projects/quikmint/functions/node_modules/firebase-functions/lib/index.js"} {"metadata":{"emulator":{"name":"functions"},"function":{"name":"us-central1-convertToTimeFrame"},"extension":{},"message":"[runtime-status] [19098] Resolved module firebase-functions {\"declared\":true,\"installed\":true,\"version\":\"3.21.2\",\"resolution\":\"/Users/theo/Projects/quikmint/functions/node_modules/firebase-functions/lib/index.js\"}"}}
[debug] [2022-05-31T15:20:30.290Z] [runtime-status] [19098] Checked functions.config() {"config":{}} {"metadata":{"emulator":{"name":"functions"},"function":{"name":"us-central1-convertToTimeFrame"},"extension":{},"message":"[runtime-status] [19098] Checked functions.config() {\"config\":{}}"}}
[debug] [2022-05-31T15:20:30.290Z] [runtime-status] [19098] firebase-functions has been stubbed. {"functionsResolution":{"declared":true,"installed":true,"version":"3.21.2","resolution":"/Users/theo/Projects/quikmint/functions/node_modules/firebase-functions/lib/index.js"}} {"metadata":{"emulator":{"name":"functions"},"function":{"name":"us-central1-convertToTimeFrame"},"extension":{},"message":"[runtime-status] [19098] firebase-functions has been stubbed. {\"functionsResolution\":{\"declared\":true,\"installed\":true,\"version\":\"3.21.2\",\"resolution\":\"/Users/theo/Projects/quikmint/functions/node_modules/firebase-functions/lib/index.js\"}}"}}
[debug] [2022-05-31T15:20:30.290Z] [runtime-status] [19098] Resolved module firebase-functions {"declared":true,"installed":true,"version":"3.21.2","resolution":"/Users/theo/Projects/quikmint/functions/node_modules/firebase-functions/lib/index.js"} {"metadata":{"emulator":{"name":"functions"},"function":{"name":"us-central1-convertToTimeFrame"},"extension":{},"message":"[runtime-status] [19098] Resolved module firebase-functions {\"declared\":true,\"installed\":true,\"version\":\"3.21.2\",\"resolution\":\"/Users/theo/Projects/quikmint/functions/node_modules/firebase-functions/lib/index.js\"}"}}
[debug] [2022-05-31T15:20:30.291Z] [runtime-status] [19098] Resolved module firebase-admin {"declared":true,"installed":true,"version":"10.1.0","resolution":"/Users/theo/Projects/quikmint/functions/node_modules/firebase-admin/lib/index.js"} {"metadata":{"emulator":{"name":"functions"},"function":{"name":"us-central1-convertToTimeFrame"},"extension":{},"message":"[runtime-status] [19098] Resolved module firebase-admin {\"declared\":true,\"installed\":true,\"version\":\"10.1.0\",\"resolution\":\"/Users/theo/Projects/quikmint/functions/node_modules/firebase-admin/lib/index.js\"}"}}
[debug] [2022-05-31T15:20:30.291Z] [runtime-status] [19098] Resolved module firebase-functions {"declared":true,"installed":true,"version":"3.21.2","resolution":"/Users/theo/Projects/quikmint/functions/node_modules/firebase-functions/lib/index.js"} {"metadata":{"emulator":{"name":"functions"},"function":{"name":"us-central1-convertToTimeFrame"},"extension":{},"message":"[runtime-status] [19098] Resolved module firebase-functions {\"declared\":true,\"installed\":true,\"version\":\"3.21.2\",\"resolution\":\"/Users/theo/Projects/quikmint/functions/node_modules/firebase-functions/lib/index.js\"}"}}
[debug] [2022-05-31T15:20:30.291Z] [runtime-status] [19098] firebase-admin has been stubbed. {"adminResolution":{"declared":true,"installed":true,"version":"10.1.0","resolution":"/Users/theo/Projects/quikmint/functions/node_modules/firebase-admin/lib/index.js"}} {"metadata":{"emulator":{"name":"functions"},"function":{"name":"us-central1-convertToTimeFrame"},"extension":{},"message":"[runtime-status] [19098] firebase-admin has been stubbed. {\"adminResolution\":{\"declared\":true,\"installed\":true,\"version\":\"10.1.0\",\"resolution\":\"/Users/theo/Projects/quikmint/functions/node_modules/firebase-admin/lib/index.js\"}}"}}
[debug] [2022-05-31T15:20:30.576Z] [runtime-status] [19098] Beginning invocation function convertToTimeFrame! {"metadata":{"emulator":{"name":"functions"},"function":{"name":"us-central1-convertToTimeFrame"},"extension":{},"message":"[runtime-status] [19098] Beginning invocation function convertToTimeFrame!"}}
[info] i  functions: Beginning execution of "convertToTimeFrame" {"metadata":{"emulator":{"name":"functions"},"function":{"name":"us-central1-convertToTimeFrame"},"extension":{},"message":"Beginning execution of \"convertToTimeFrame\""}}
[debug] [2022-05-31T15:20:30.577Z] [runtime-status] [19098] Running convertToTimeFrame in signature http {"metadata":{"emulator":{"name":"functions"},"function":{"name":"us-central1-convertToTimeFrame"},"extension":{},"message":"[runtime-status] [19098] Running convertToTimeFrame in signature http"}}
[debug] [2022-05-31T15:20:30.578Z] [runtime-status] [19098] Attempting to listen to socketPath: /var/folders/w5/1bw0zjj17sz074z5w34xlb8m0000gn/T/fire_emu_19098.sock {"metadata":{"emulator":{"name":"functions"},"function":{"name":"us-central1-convertToTimeFrame"},"extension":{},"message":"[runtime-status] [19098] Attempting to listen to socketPath: /var/folders/w5/1bw0zjj17sz074z5w34xlb8m0000gn/T/fire_emu_19098.sock"}}
[debug] [2022-05-31T15:20:30.579Z] [functions] Runtime ready! Sending request! {"metadata":{"emulator":{"name":"functions"},"message":"[functions] Runtime ready! Sending request!"}}
[debug] [2022-05-31T15:20:30.579Z] [functions] Got req.url=/selfimonke-33fd4/us-central1/convertToTimeFrame, mapping to path=/ {"metadata":{"emulator":{"name":"functions"},"message":"[functions] Got req.url=/selfimonke-33fd4/us-central1/convertToTimeFrame, mapping to path=/"}}
[debug] [2022-05-31T15:20:30.582Z] [runtime-status] [19098] Ephemeral server handling OPTIONS request {"metadata":{"emulator":{"name":"functions"},"function":{"name":"us-central1-convertToTimeFrame"},"extension":{},"message":"[runtime-status] [19098] Ephemeral server handling OPTIONS request"}}
[debug] [2022-05-31T15:20:30.584Z] [runtime-status] [19098] Ephemeral server survived. {"metadata":{"emulator":{"name":"functions"},"function":{"name":"us-central1-convertToTimeFrame"},"extension":{},"message":"[runtime-status] [19098] Ephemeral server survived."}}
[info] i  functions: Finished "convertToTimeFrame" in ~1s {"metadata":{"emulator":{"name":"functions"},"function":{"name":"us-central1-convertToTimeFrame"},"extension":{},"message":"Finished \"convertToTimeFrame\" in ~1s"}}
[debug] [2022-05-31T15:20:30.585Z] [worker-us-central1-convertToTimeFrame-f07e79d9-27fb-427c-b930-db733fee727e]: IDLE {"metadata":{"emulator":{"name":"functions"},"message":"[worker-us-central1-convertToTimeFrame-f07e79d9-27fb-427c-b930-db733fee727e]: IDLE"}}
[debug] [2022-05-31T15:20:30.585Z] [work-queue] {"queueLength":0,"workRunningCount":0}
[debug] [2022-05-31T15:20:30.586Z] [work-queue] {"queueLength":1,"workRunningCount":0}
[debug] [2022-05-31T15:20:30.586Z] [work-queue] {"queueLength":0,"workRunningCount":1}
[debug] [2022-05-31T15:20:30.586Z] Accepted request POST /selfimonke-33fd4/us-central1/convertToTimeFrame --> us-central1-convertToTimeFrame
[debug] [2022-05-31T15:20:30.586Z] [worker-pool] submitWork(triggerId=us-central1-convertToTimeFrame) {"metadata":{"emulator":{"name":"functions"},"message":"[worker-pool] submitWork(triggerId=us-central1-convertToTimeFrame)"}}
[debug] [2022-05-31T15:20:30.586Z] [worker-us-central1-convertToTimeFrame-f07e79d9-27fb-427c-b930-db733fee727e]: Assigning socketPath: /var/folders/w5/1bw0zjj17sz074z5w34xlb8m0000gn/T/fire_emu_19098.sock {"metadata":{"emulator":{"name":"functions"},"message":"[worker-us-central1-convertToTimeFrame-f07e79d9-27fb-427c-b930-db733fee727e]: Assigning socketPath: /var/folders/w5/1bw0zjj17sz074z5w34xlb8m0000gn/T/fire_emu_19098.sock"}}
[debug] [2022-05-31T15:20:30.586Z] [worker-us-central1-convertToTimeFrame-f07e79d9-27fb-427c-b930-db733fee727e]: BUSY {"metadata":{"emulator":{"name":"functions"},"message":"[worker-us-central1-convertToTimeFrame-f07e79d9-27fb-427c-b930-db733fee727e]: BUSY"}}
[debug] [2022-05-31T15:20:30.596Z] [runtime-status] [19098] Beginning invocation function convertToTimeFrame! {"metadata":{"emulator":{"name":"functions"},"function":{"name":"us-central1-convertToTimeFrame"},"extension":{},"message":"[runtime-status] [19098] Beginning invocation function convertToTimeFrame!"}}
[info] i  functions: Beginning execution of "convertToTimeFrame" {"metadata":{"emulator":{"name":"functions"},"function":{"name":"us-central1-convertToTimeFrame"},"extension":{},"message":"Beginning execution of \"convertToTimeFrame\""}}
[debug] [2022-05-31T15:20:30.596Z] [runtime-status] [19098] Running convertToTimeFrame in signature http {"metadata":{"emulator":{"name":"functions"},"function":{"name":"us-central1-convertToTimeFrame"},"extension":{},"message":"[runtime-status] [19098] Running convertToTimeFrame in signature http"}}
[debug] [2022-05-31T15:20:30.596Z] [runtime-status] [19098] Attempting to listen to socketPath: /var/folders/w5/1bw0zjj17sz074z5w34xlb8m0000gn/T/fire_emu_19098.sock {"metadata":{"emulator":{"name":"functions"},"function":{"name":"us-central1-convertToTimeFrame"},"extension":{},"message":"[runtime-status] [19098] Attempting to listen to socketPath: /var/folders/w5/1bw0zjj17sz074z5w34xlb8m0000gn/T/fire_emu_19098.sock"}}
[debug] [2022-05-31T15:20:30.596Z] [functions] Runtime ready! Sending request! {"metadata":{"emulator":{"name":"functions"},"message":"[functions] Runtime ready! Sending request!"}}
[debug] [2022-05-31T15:20:30.596Z] [functions] Got req.url=/selfimonke-33fd4/us-central1/convertToTimeFrame, mapping to path=/ {"metadata":{"emulator":{"name":"functions"},"message":"[functions] Got req.url=/selfimonke-33fd4/us-central1/convertToTimeFrame, mapping to path=/"}}
[debug] [2022-05-31T15:20:30.604Z] [runtime-status] [19098] Ephemeral server handling POST request {"metadata":{"emulator":{"name":"functions"},"function":{"name":"us-central1-convertToTimeFrame"},"extension":{},"message":"[runtime-status] [19098] Ephemeral server handling POST request"}}
[info] >  ZvkX9W7aF7VG2RYdjzaYt6dNZr22 [object Object] {"user":"ZvkX9W7aF7VG2RYdjzaYt6dNZr22 [object Object]","metadata":{"emulator":{"name":"functions"},"function":{"name":"us-central1-convertToTimeFrame"},"extension":{},"message":"\u001b[90m> \u001b[39m ZvkX9W7aF7VG2RYdjzaYt6dNZr22 [object Object]"}}
[debug] [2022-05-31T15:20:30.606Z] [runtime-status] [19098] Ephemeral server survived. {"metadata":{"emulator":{"name":"functions"},"function":{"name":"us-central1-convertToTimeFrame"},"extension":{},"message":"[runtime-status] [19098] Ephemeral server survived."}}
[info] i  functions: Finished "convertToTimeFrame" in ~1s {"metadata":{"emulator":{"name":"functions"},"function":{"name":"us-central1-convertToTimeFrame"},"extension":{},"message":"Finished \"convertToTimeFrame\" in ~1s"}}
[debug] [2022-05-31T15:20:30.922Z] [worker-us-central1-convertToTimeFrame-f07e79d9-27fb-427c-b930-db733fee727e]: IDLE {"metadata":{"emulator":{"name":"functions"},"message":"[worker-us-central1-convertToTimeFrame-f07e79d9-27fb-427c-b930-db733fee727e]: IDLE"}}
[debug] [2022-05-31T15:20:30.923Z] [work-queue] {"queueLength":0,"workRunningCount":0}
[debug] [2022-05-31T15:20:37.332Z] [work-queue] {"queueLength":1,"workRunningCount":0}
[debug] [2022-05-31T15:20:37.332Z] [work-queue] {"queueLength":0,"workRunningCount":1}
[debug] [2022-05-31T15:20:37.332Z] Accepted request OPTIONS /selfimonke-33fd4/us-central1/convertToTimeFrame --> us-central1-convertToTimeFrame
[debug] [2022-05-31T15:20:37.333Z] [worker-pool] submitWork(triggerId=us-central1-convertToTimeFrame) {"metadata":{"emulator":{"name":"functions"},"message":"[worker-pool] submitWork(triggerId=us-central1-convertToTimeFrame)"}}
[debug] [2022-05-31T15:20:37.333Z] [worker-us-central1-convertToTimeFrame-f07e79d9-27fb-427c-b930-db733fee727e]: Assigning socketPath: /var/folders/w5/1bw0zjj17sz074z5w34xlb8m0000gn/T/fire_emu_19098.sock {"metadata":{"emulator":{"name":"functions"},"message":"[worker-us-central1-convertToTimeFrame-f07e79d9-27fb-427c-b930-db733fee727e]: Assigning socketPath: /var/folders/w5/1bw0zjj17sz074z5w34xlb8m0000gn/T/fire_emu_19098.sock"}}
[debug] [2022-05-31T15:20:37.333Z] [worker-us-central1-convertToTimeFrame-f07e79d9-27fb-427c-b930-db733fee727e]: BUSY {"metadata":{"emulator":{"name":"functions"},"message":"[worker-us-central1-convertToTimeFrame-f07e79d9-27fb-427c-b930-db733fee727e]: BUSY"}}
[debug] [2022-05-31T15:20:37.334Z] [runtime-status] [19098] Beginning invocation function convertToTimeFrame! {"metadata":{"emulator":{"name":"functions"},"function":{"name":"us-central1-convertToTimeFrame"},"extension":{},"message":"[runtime-status] [19098] Beginning invocation function convertToTimeFrame!"}}
[info] i  functions: Beginning execution of "convertToTimeFrame" {"metadata":{"emulator":{"name":"functions"},"function":{"name":"us-central1-convertToTimeFrame"},"extension":{},"message":"Beginning execution of \"convertToTimeFrame\""}}
[debug] [2022-05-31T15:20:37.335Z] [runtime-status] [19098] Running convertToTimeFrame in signature http {"metadata":{"emulator":{"name":"functions"},"function":{"name":"us-central1-convertToTimeFrame"},"extension":{},"message":"[runtime-status] [19098] Running convertToTimeFrame in signature http"}}
[debug] [2022-05-31T15:20:37.335Z] [runtime-status] [19098] Attempting to listen to socketPath: /var/folders/w5/1bw0zjj17sz074z5w34xlb8m0000gn/T/fire_emu_19098.sock {"metadata":{"emulator":{"name":"functions"},"function":{"name":"us-central1-convertToTimeFrame"},"extension":{},"message":"[runtime-status] [19098] Attempting to listen to socketPath: /var/folders/w5/1bw0zjj17sz074z5w34xlb8m0000gn/T/fire_emu_19098.sock"}}
[debug] [2022-05-31T15:20:37.336Z] [functions] Runtime ready! Sending request! {"metadata":{"emulator":{"name":"functions"},"message":"[functions] Runtime ready! Sending request!"}}
[debug] [2022-05-31T15:20:37.336Z] [functions] Got req.url=/selfimonke-33fd4/us-central1/convertToTimeFrame, mapping to path=/ {"metadata":{"emulator":{"name":"functions"},"message":"[functions] Got req.url=/selfimonke-33fd4/us-central1/convertToTimeFrame, mapping to path=/"}}
[debug] [2022-05-31T15:20:37.342Z] [runtime-status] [19098] Ephemeral server handling OPTIONS request {"metadata":{"emulator":{"name":"functions"},"function":{"name":"us-central1-convertToTimeFrame"},"extension":{},"message":"[runtime-status] [19098] Ephemeral server handling OPTIONS request"}}
[debug] [2022-05-31T15:20:37.344Z] [runtime-status] [19098] Ephemeral server survived. {"metadata":{"emulator":{"name":"functions"},"function":{"name":"us-central1-convertToTimeFrame"},"extension":{},"message":"[runtime-status] [19098] Ephemeral server survived."}}
[debug] [2022-05-31T15:20:37.346Z] [work-queue] {"queueLength":1,"workRunningCount":1}
[debug] [2022-05-31T15:20:37.347Z] [work-queue] {"queueLength":0,"workRunningCount":2}
[debug] [2022-05-31T15:20:37.347Z] Accepted request POST /selfimonke-33fd4/us-central1/convertToTimeFrame --> us-central1-convertToTimeFrame
[info] i  functions: Loaded environment variables from .env. 
[debug] [2022-05-31T15:20:37.350Z] [worker-pool] addWorker(us-central1-convertToTimeFrame) {"metadata":{"emulator":{"name":"functions"},"message":"[worker-pool] addWorker(us-central1-convertToTimeFrame)"}}
[debug] [2022-05-31T15:20:37.350Z] [worker-pool] Adding worker with key us-central1-convertToTimeFrame, total=2 {"metadata":{"emulator":{"name":"functions"},"message":"[worker-pool] Adding worker with key us-central1-convertToTimeFrame, total=2"}}
[debug] [2022-05-31T15:20:37.350Z] [worker-pool] submitWork(triggerId=us-central1-convertToTimeFrame) {"metadata":{"emulator":{"name":"functions"},"message":"[worker-pool] submitWork(triggerId=us-central1-convertToTimeFrame)"}}
[debug] [2022-05-31T15:20:37.350Z] [worker-us-central1-convertToTimeFrame-e1e8df46-08c8-4b46-bbe5-2c3e4fd55604]: Assigning socketPath: /var/folders/w5/1bw0zjj17sz074z5w34xlb8m0000gn/T/fire_emu_19099.sock {"metadata":{"emulator":{"name":"functions"},"message":"[worker-us-central1-convertToTimeFrame-e1e8df46-08c8-4b46-bbe5-2c3e4fd55604]: Assigning socketPath: /var/folders/w5/1bw0zjj17sz074z5w34xlb8m0000gn/T/fire_emu_19099.sock"}}
[debug] [2022-05-31T15:20:37.350Z] [worker-us-central1-convertToTimeFrame-e1e8df46-08c8-4b46-bbe5-2c3e4fd55604]: BUSY {"metadata":{"emulator":{"name":"functions"},"message":"[worker-us-central1-convertToTimeFrame-e1e8df46-08c8-4b46-bbe5-2c3e4fd55604]: BUSY"}}
[info] i  functions: Finished "convertToTimeFrame" in ~1s {"metadata":{"emulator":{"name":"functions"},"function":{"name":"us-central1-convertToTimeFrame"},"extension":{},"message":"Finished \"convertToTimeFrame\" in ~1s"}}
[debug] [2022-05-31T15:20:37.351Z] [worker-us-central1-convertToTimeFrame-f07e79d9-27fb-427c-b930-db733fee727e]: IDLE {"metadata":{"emulator":{"name":"functions"},"message":"[worker-us-central1-convertToTimeFrame-f07e79d9-27fb-427c-b930-db733fee727e]: IDLE"}}
[debug] [2022-05-31T15:20:37.351Z] [work-queue] {"queueLength":0,"workRunningCount":1}
[debug] [2022-05-31T15:20:37.716Z] [runtime-status] [19099] Functions runtime initialized. {"cwd":"/Users/theo/Projects/quikmint/functions","node_version":"14.19.1"} {"metadata":{"emulator":{"name":"functions"},"function":{"name":"us-central1-convertToTimeFrame"},"extension":{},"message":"[runtime-status] [19099] Functions runtime initialized. {\"cwd\":\"/Users/theo/Projects/quikmint/functions\",\"node_version\":\"14.19.1\"}"}}
[debug] [2022-05-31T15:20:37.717Z] [runtime-status] [19099] Disabled runtime features: undefined {"metadata":{"emulator":{"name":"functions"},"function":{"name":"us-central1-convertToTimeFrame"},"extension":{},"message":"[runtime-status] [19099] Disabled runtime features: undefined"}}
[debug] [2022-05-31T15:20:37.718Z] [runtime-status] [19099] Resolved module firebase-admin {"declared":true,"installed":true,"version":"10.1.0","resolution":"/Users/theo/Projects/quikmint/functions/node_modules/firebase-admin/lib/index.js"} {"metadata":{"emulator":{"name":"functions"},"function":{"name":"us-central1-convertToTimeFrame"},"extension":{},"message":"[runtime-status] [19099] Resolved module firebase-admin {\"declared\":true,\"installed\":true,\"version\":\"10.1.0\",\"resolution\":\"/Users/theo/Projects/quikmint/functions/node_modules/firebase-admin/lib/index.js\"}"}}
[debug] [2022-05-31T15:20:37.718Z] [runtime-status] [19099] Resolved module firebase-functions {"declared":true,"installed":true,"version":"3.21.2","resolution":"/Users/theo/Projects/quikmint/functions/node_modules/firebase-functions/lib/index.js"} {"metadata":{"emulator":{"name":"functions"},"function":{"name":"us-central1-convertToTimeFrame"},"extension":{},"message":"[runtime-status] [19099] Resolved module firebase-functions {\"declared\":true,\"installed\":true,\"version\":\"3.21.2\",\"resolution\":\"/Users/theo/Projects/quikmint/functions/node_modules/firebase-functions/lib/index.js\"}"}}
[debug] [2022-05-31T15:20:37.718Z] [runtime-status] [19099] Outgoing network have been stubbed. [{"name":"http","status":"mocked"},{"name":"http","status":"mocked"},{"name":"https","status":"mocked"},{"name":"https","status":"mocked"},{"name":"net","status":"mocked"}] {"metadata":{"emulator":{"name":"functions"},"function":{"name":"us-central1-convertToTimeFrame"},"extension":{},"message":"[runtime-status] [19099] Outgoing network have been stubbed. [{\"name\":\"http\",\"status\":\"mocked\"},{\"name\":\"http\",\"status\":\"mocked\"},{\"name\":\"https\",\"status\":\"mocked\"},{\"name\":\"https\",\"status\":\"mocked\"},{\"name\":\"net\",\"status\":\"mocked\"}]"}}
[debug] [2022-05-31T15:20:37.718Z] [runtime-status] [19099] Resolved module firebase-functions {"declared":true,"installed":true,"version":"3.21.2","resolution":"/Users/theo/Projects/quikmint/functions/node_modules/firebase-functions/lib/index.js"} {"metadata":{"emulator":{"name":"functions"},"function":{"name":"us-central1-convertToTimeFrame"},"extension":{},"message":"[runtime-status] [19099] Resolved module firebase-functions {\"declared\":true,\"installed\":true,\"version\":\"3.21.2\",\"resolution\":\"/Users/theo/Projects/quikmint/functions/node_modules/firebase-functions/lib/index.js\"}"}}
[debug] [2022-05-31T15:20:37.732Z] [runtime-status] [19099] Checked functions.config() {"config":{}} {"metadata":{"emulator":{"name":"functions"},"function":{"name":"us-central1-convertToTimeFrame"},"extension":{},"message":"[runtime-status] [19099] Checked functions.config() {\"config\":{}}"}}
[debug] [2022-05-31T15:20:37.732Z] [runtime-status] [19099] firebase-functions has been stubbed. {"functionsResolution":{"declared":true,"installed":true,"version":"3.21.2","resolution":"/Users/theo/Projects/quikmint/functions/node_modules/firebase-functions/lib/index.js"}} {"metadata":{"emulator":{"name":"functions"},"function":{"name":"us-central1-convertToTimeFrame"},"extension":{},"message":"[runtime-status] [19099] firebase-functions has been stubbed. {\"functionsResolution\":{\"declared\":true,\"installed\":true,\"version\":\"3.21.2\",\"resolution\":\"/Users/theo/Projects/quikmint/functions/node_modules/firebase-functions/lib/index.js\"}}"}}
[debug] [2022-05-31T15:20:37.732Z] [runtime-status] [19099] Resolved module firebase-functions {"declared":true,"installed":true,"version":"3.21.2","resolution":"/Users/theo/Projects/quikmint/functions/node_modules/firebase-functions/lib/index.js"} {"metadata":{"emulator":{"name":"functions"},"function":{"name":"us-central1-convertToTimeFrame"},"extension":{},"message":"[runtime-status] [19099] Resolved module firebase-functions {\"declared\":true,\"installed\":true,\"version\":\"3.21.2\",\"resolution\":\"/Users/theo/Projects/quikmint/functions/node_modules/firebase-functions/lib/index.js\"}"}}
[debug] [2022-05-31T15:20:37.733Z] [runtime-status] [19099] Resolved module firebase-admin {"declared":true,"installed":true,"version":"10.1.0","resolution":"/Users/theo/Projects/quikmint/functions/node_modules/firebase-admin/lib/index.js"} {"metadata":{"emulator":{"name":"functions"},"function":{"name":"us-central1-convertToTimeFrame"},"extension":{},"message":"[runtime-status] [19099] Resolved module firebase-admin {\"declared\":true,\"installed\":true,\"version\":\"10.1.0\",\"resolution\":\"/Users/theo/Projects/quikmint/functions/node_modules/firebase-admin/lib/index.js\"}"}}
[debug] [2022-05-31T15:20:37.734Z] [runtime-status] [19099] Resolved module firebase-functions {"declared":true,"installed":true,"version":"3.21.2","resolution":"/Users/theo/Projects/quikmint/functions/node_modules/firebase-functions/lib/index.js"} {"metadata":{"emulator":{"name":"functions"},"function":{"name":"us-central1-convertToTimeFrame"},"extension":{},"message":"[runtime-status] [19099] Resolved module firebase-functions {\"declared\":true,\"installed\":true,\"version\":\"3.21.2\",\"resolution\":\"/Users/theo/Projects/quikmint/functions/node_modules/firebase-functions/lib/index.js\"}"}}
[debug] [2022-05-31T15:20:37.734Z] [runtime-status] [19099] firebase-admin has been stubbed. {"adminResolution":{"declared":true,"installed":true,"version":"10.1.0","resolution":"/Users/theo/Projects/quikmint/functions/node_modules/firebase-admin/lib/index.js"}} {"metadata":{"emulator":{"name":"functions"},"function":{"name":"us-central1-convertToTimeFrame"},"extension":{},"message":"[runtime-status] [19099] firebase-admin has been stubbed. {\"adminResolution\":{\"declared\":true,\"installed\":true,\"version\":\"10.1.0\",\"resolution\":\"/Users/theo/Projects/quikmint/functions/node_modules/firebase-admin/lib/index.js\"}}"}}
[debug] [2022-05-31T15:20:38.021Z] [runtime-status] [19099] Beginning invocation function convertToTimeFrame! {"metadata":{"emulator":{"name":"functions"},"function":{"name":"us-central1-convertToTimeFrame"},"extension":{},"message":"[runtime-status] [19099] Beginning invocation function convertToTimeFrame!"}}
[info] i  functions: Beginning execution of "convertToTimeFrame" {"metadata":{"emulator":{"name":"functions"},"function":{"name":"us-central1-convertToTimeFrame"},"extension":{},"message":"Beginning execution of \"convertToTimeFrame\""}}
[debug] [2022-05-31T15:20:38.022Z] [runtime-status] [19099] Running convertToTimeFrame in signature http {"metadata":{"emulator":{"name":"functions"},"function":{"name":"us-central1-convertToTimeFrame"},"extension":{},"message":"[runtime-status] [19099] Running convertToTimeFrame in signature http"}}
[debug] [2022-05-31T15:20:38.023Z] [runtime-status] [19099] Attempting to listen to socketPath: /var/folders/w5/1bw0zjj17sz074z5w34xlb8m0000gn/T/fire_emu_19099.sock {"metadata":{"emulator":{"name":"functions"},"function":{"name":"us-central1-convertToTimeFrame"},"extension":{},"message":"[runtime-status] [19099] Attempting to listen to socketPath: /var/folders/w5/1bw0zjj17sz074z5w34xlb8m0000gn/T/fire_emu_19099.sock"}}
[debug] [2022-05-31T15:20:38.024Z] [functions] Runtime ready! Sending request! {"metadata":{"emulator":{"name":"functions"},"message":"[functions] Runtime ready! Sending request!"}}
[debug] [2022-05-31T15:20:38.024Z] [functions] Got req.url=/selfimonke-33fd4/us-central1/convertToTimeFrame, mapping to path=/ {"metadata":{"emulator":{"name":"functions"},"message":"[functions] Got req.url=/selfimonke-33fd4/us-central1/convertToTimeFrame, mapping to path=/"}}
[debug] [2022-05-31T15:20:38.034Z] [runtime-status] [19099] Ephemeral server handling POST request {"metadata":{"emulator":{"name":"functions"},"function":{"name":"us-central1-convertToTimeFrame"},"extension":{},"message":"[runtime-status] [19099] Ephemeral server handling POST request"}}
[debug] [2022-05-31T15:20:38.034Z] [runtime-status] [19099] Ephemeral server survived. {"metadata":{"emulator":{"name":"functions"},"function":{"name":"us-central1-convertToTimeFrame"},"extension":{},"message":"[runtime-status] [19099] Ephemeral server survived."}}
[info] >  ZvkX9W7aF7VG2RYdjzaYt6dNZr22 [object Object] {"user":"ZvkX9W7aF7VG2RYdjzaYt6dNZr22 [object Object]","metadata":{"emulator":{"name":"functions"},"function":{"name":"us-central1-convertToTimeFrame"},"extension":{},"message":"\u001b[90m> \u001b[39m ZvkX9W7aF7VG2RYdjzaYt6dNZr22 [object Object]"}}
[debug] [2022-05-31T15:20:38.320Z] [work-queue] {"queueLength":1,"workRunningCount":1}
[debug] [2022-05-31T15:20:38.320Z] [work-queue] {"queueLength":0,"workRunningCount":2}
[debug] [2022-05-31T15:20:38.320Z] Accepted request POST /selfimonke-33fd4/us-central1/convertToTimeFrame --> us-central1-convertToTimeFrame
[debug] [2022-05-31T15:20:38.320Z] [worker-pool] submitWork(triggerId=us-central1-convertToTimeFrame) {"metadata":{"emulator":{"name":"functions"},"message":"[worker-pool] submitWork(triggerId=us-central1-convertToTimeFrame)"}}
[debug] [2022-05-31T15:20:38.320Z] [worker-us-central1-convertToTimeFrame-f07e79d9-27fb-427c-b930-db733fee727e]: Assigning socketPath: /var/folders/w5/1bw0zjj17sz074z5w34xlb8m0000gn/T/fire_emu_19098.sock {"metadata":{"emulator":{"name":"functions"},"message":"[worker-us-central1-convertToTimeFrame-f07e79d9-27fb-427c-b930-db733fee727e]: Assigning socketPath: /var/folders/w5/1bw0zjj17sz074z5w34xlb8m0000gn/T/fire_emu_19098.sock"}}
[debug] [2022-05-31T15:20:38.320Z] [worker-us-central1-convertToTimeFrame-f07e79d9-27fb-427c-b930-db733fee727e]: BUSY {"metadata":{"emulator":{"name":"functions"},"message":"[worker-us-central1-convertToTimeFrame-f07e79d9-27fb-427c-b930-db733fee727e]: BUSY"}}
[debug] [2022-05-31T15:20:38.320Z] [runtime-status] [19098] Beginning invocation function convertToTimeFrame! {"metadata":{"emulator":{"name":"functions"},"function":{"name":"us-central1-convertToTimeFrame"},"extension":{},"message":"[runtime-status] [19098] Beginning invocation function convertToTimeFrame!"}}
[info] i  functions: Beginning execution of "convertToTimeFrame" {"metadata":{"emulator":{"name":"functions"},"function":{"name":"us-central1-convertToTimeFrame"},"extension":{},"message":"Beginning execution of \"convertToTimeFrame\""}}
[debug] [2022-05-31T15:20:38.321Z] [runtime-status] [19098] Running convertToTimeFrame in signature http {"metadata":{"emulator":{"name":"functions"},"function":{"name":"us-central1-convertToTimeFrame"},"extension":{},"message":"[runtime-status] [19098] Running convertToTimeFrame in signature http"}}
[debug] [2022-05-31T15:20:38.321Z] [runtime-status] [19098] Attempting to listen to socketPath: /var/folders/w5/1bw0zjj17sz074z5w34xlb8m0000gn/T/fire_emu_19098.sock {"metadata":{"emulator":{"name":"functions"},"function":{"name":"us-central1-convertToTimeFrame"},"extension":{},"message":"[runtime-status] [19098] Attempting to listen to socketPath: /var/folders/w5/1bw0zjj17sz074z5w34xlb8m0000gn/T/fire_emu_19098.sock"}}
[debug] [2022-05-31T15:20:38.321Z] [functions] Runtime ready! Sending request! {"metadata":{"emulator":{"name":"functions"},"message":"[functions] Runtime ready! Sending request!"}}
[debug] [2022-05-31T15:20:38.321Z] [functions] Got req.url=/selfimonke-33fd4/us-central1/convertToTimeFrame, mapping to path=/ {"metadata":{"emulator":{"name":"functions"},"message":"[functions] Got req.url=/selfimonke-33fd4/us-central1/convertToTimeFrame, mapping to path=/"}}
[debug] [2022-05-31T15:20:38.322Z] [runtime-status] [19098] Ephemeral server handling POST request {"metadata":{"emulator":{"name":"functions"},"function":{"name":"us-central1-convertToTimeFrame"},"extension":{},"message":"[runtime-status] [19098] Ephemeral server handling POST request"}}
[info] >  ZvkX9W7aF7VG2RYdjzaYt6dNZr22 [object Object] {"user":"ZvkX9W7aF7VG2RYdjzaYt6dNZr22 [object Object]","metadata":{"emulator":{"name":"functions"},"function":{"name":"us-central1-convertToTimeFrame"},"extension":{},"message":"\u001b[90m> \u001b[39m ZvkX9W7aF7VG2RYdjzaYt6dNZr22 [object Object]"}}
[debug] [2022-05-31T15:20:38.322Z] [runtime-status] [19098] Ephemeral server survived. {"metadata":{"emulator":{"name":"functions"},"function":{"name":"us-central1-convertToTimeFrame"},"extension":{},"message":"[runtime-status] [19098] Ephemeral server survived."}}
[info] i  functions: Finished "convertToTimeFrame" in ~1s {"metadata":{"emulator":{"name":"functions"},"function":{"name":"us-central1-convertToTimeFrame"},"extension":{},"message":"Finished \"convertToTimeFrame\" in ~1s"}}
[debug] [2022-05-31T15:20:38.345Z] [worker-us-central1-convertToTimeFrame-e1e8df46-08c8-4b46-bbe5-2c3e4fd55604]: IDLE {"metadata":{"emulator":{"name":"functions"},"message":"[worker-us-central1-convertToTimeFrame-e1e8df46-08c8-4b46-bbe5-2c3e4fd55604]: IDLE"}}
[debug] [2022-05-31T15:20:38.346Z] [work-queue] {"queueLength":0,"workRunningCount":1}
[info] i  functions: Finished "convertToTimeFrame" in ~1s {"metadata":{"emulator":{"name":"functions"},"function":{"name":"us-central1-convertToTimeFrame"},"extension":{},"message":"Finished \"convertToTimeFrame\" in ~1s"}}
[debug] [2022-05-31T15:20:38.394Z] [worker-us-central1-convertToTimeFrame-f07e79d9-27fb-427c-b930-db733fee727e]: IDLE {"metadata":{"emulator":{"name":"functions"},"message":"[worker-us-central1-convertToTimeFrame-f07e79d9-27fb-427c-b930-db733fee727e]: IDLE"}}
[debug] [2022-05-31T15:20:38.395Z] [work-queue] {"queueLength":0,"workRunningCount":0}
[debug] [2022-05-31T15:20:45.502Z] [work-queue] {"queueLength":1,"workRunningCount":0}
[debug] [2022-05-31T15:20:45.502Z] [work-queue] {"queueLength":0,"workRunningCount":1}
[debug] [2022-05-31T15:20:45.502Z] Accepted request OPTIONS /selfimonke-33fd4/us-central1/convertToTimeFrame --> us-central1-convertToTimeFrame
[debug] [2022-05-31T15:20:45.503Z] [worker-pool] submitWork(triggerId=us-central1-convertToTimeFrame) {"metadata":{"emulator":{"name":"functions"},"message":"[worker-pool] submitWork(triggerId=us-central1-convertToTimeFrame)"}}
[debug] [2022-05-31T15:20:45.503Z] [worker-us-central1-convertToTimeFrame-f07e79d9-27fb-427c-b930-db733fee727e]: Assigning socketPath: /var/folders/w5/1bw0zjj17sz074z5w34xlb8m0000gn/T/fire_emu_19098.sock {"metadata":{"emulator":{"name":"functions"},"message":"[worker-us-central1-convertToTimeFrame-f07e79d9-27fb-427c-b930-db733fee727e]: Assigning socketPath: /var/folders/w5/1bw0zjj17sz074z5w34xlb8m0000gn/T/fire_emu_19098.sock"}}
[debug] [2022-05-31T15:20:45.504Z] [worker-us-central1-convertToTimeFrame-f07e79d9-27fb-427c-b930-db733fee727e]: BUSY {"metadata":{"emulator":{"name":"functions"},"message":"[worker-us-central1-convertToTimeFrame-f07e79d9-27fb-427c-b930-db733fee727e]: BUSY"}}
[debug] [2022-05-31T15:20:45.505Z] [work-queue] {"queueLength":1,"workRunningCount":1}
[debug] [2022-05-31T15:20:45.505Z] [work-queue] {"queueLength":0,"workRunningCount":2}
[debug] [2022-05-31T15:20:45.505Z] Accepted request OPTIONS /selfimonke-33fd4/us-central1/convertToTimeFrame --> us-central1-convertToTimeFrame
[debug] [2022-05-31T15:20:45.505Z] [worker-pool] submitWork(triggerId=us-central1-convertToTimeFrame) {"metadata":{"emulator":{"name":"functions"},"message":"[worker-pool] submitWork(triggerId=us-central1-convertToTimeFrame)"}}
[debug] [2022-05-31T15:20:45.506Z] [worker-us-central1-convertToTimeFrame-e1e8df46-08c8-4b46-bbe5-2c3e4fd55604]: Assigning socketPath: /var/folders/w5/1bw0zjj17sz074z5w34xlb8m0000gn/T/fire_emu_19099.sock {"metadata":{"emulator":{"name":"functions"},"message":"[worker-us-central1-convertToTimeFrame-e1e8df46-08c8-4b46-bbe5-2c3e4fd55604]: Assigning socketPath: /var/folders/w5/1bw0zjj17sz074z5w34xlb8m0000gn/T/fire_emu_19099.sock"}}
[debug] [2022-05-31T15:20:45.506Z] [worker-us-central1-convertToTimeFrame-e1e8df46-08c8-4b46-bbe5-2c3e4fd55604]: BUSY {"metadata":{"emulator":{"name":"functions"},"message":"[worker-us-central1-convertToTimeFrame-e1e8df46-08c8-4b46-bbe5-2c3e4fd55604]: BUSY"}}
[debug] [2022-05-31T15:20:45.506Z] [runtime-status] [19098] Beginning invocation function convertToTimeFrame! {"metadata":{"emulator":{"name":"functions"},"function":{"name":"us-central1-convertToTimeFrame"},"extension":{},"message":"[runtime-status] [19098] Beginning invocation function convertToTimeFrame!"}}
[info] i  functions: Beginning execution of "convertToTimeFrame" {"metadata":{"emulator":{"name":"functions"},"function":{"name":"us-central1-convertToTimeFrame"},"extension":{},"message":"Beginning execution of \"convertToTimeFrame\""}}
[debug] [2022-05-31T15:20:45.507Z] [runtime-status] [19098] Running convertToTimeFrame in signature http {"metadata":{"emulator":{"name":"functions"},"function":{"name":"us-central1-convertToTimeFrame"},"extension":{},"message":"[runtime-status] [19098] Running convertToTimeFrame in signature http"}}
[debug] [2022-05-31T15:20:45.507Z] [runtime-status] [19098] Attempting to listen to socketPath: /var/folders/w5/1bw0zjj17sz074z5w34xlb8m0000gn/T/fire_emu_19098.sock {"metadata":{"emulator":{"name":"functions"},"function":{"name":"us-central1-convertToTimeFrame"},"extension":{},"message":"[runtime-status] [19098] Attempting to listen to socketPath: /var/folders/w5/1bw0zjj17sz074z5w34xlb8m0000gn/T/fire_emu_19098.sock"}}
[debug] [2022-05-31T15:20:45.508Z] [functions] Runtime ready! Sending request! {"metadata":{"emulator":{"name":"functions"},"message":"[functions] Runtime ready! Sending request!"}}
[debug] [2022-05-31T15:20:45.508Z] [functions] Got req.url=/selfimonke-33fd4/us-central1/convertToTimeFrame, mapping to path=/ {"metadata":{"emulator":{"name":"functions"},"message":"[functions] Got req.url=/selfimonke-33fd4/us-central1/convertToTimeFrame, mapping to path=/"}}
[debug] [2022-05-31T15:20:45.513Z] [runtime-status] [19099] Beginning invocation function convertToTimeFrame! {"metadata":{"emulator":{"name":"functions"},"function":{"name":"us-central1-convertToTimeFrame"},"extension":{},"message":"[runtime-status] [19099] Beginning invocation function convertToTimeFrame!"}}
[info] i  functions: Beginning execution of "convertToTimeFrame" {"metadata":{"emulator":{"name":"functions"},"function":{"name":"us-central1-convertToTimeFrame"},"extension":{},"message":"Beginning execution of \"convertToTimeFrame\""}}
[debug] [2022-05-31T15:20:45.517Z] [runtime-status] [19099] Running convertToTimeFrame in signature http {"metadata":{"emulator":{"name":"functions"},"function":{"name":"us-central1-convertToTimeFrame"},"extension":{},"message":"[runtime-status] [19099] Running convertToTimeFrame in signature http"}}
[debug] [2022-05-31T15:20:45.517Z] [runtime-status] [19099] Attempting to listen to socketPath: /var/folders/w5/1bw0zjj17sz074z5w34xlb8m0000gn/T/fire_emu_19099.sock {"metadata":{"emulator":{"name":"functions"},"function":{"name":"us-central1-convertToTimeFrame"},"extension":{},"message":"[runtime-status] [19099] Attempting to listen to socketPath: /var/folders/w5/1bw0zjj17sz074z5w34xlb8m0000gn/T/fire_emu_19099.sock"}}
[debug] [2022-05-31T15:20:45.518Z] [functions] Runtime ready! Sending request! {"metadata":{"emulator":{"name":"functions"},"message":"[functions] Runtime ready! Sending request!"}}
[debug] [2022-05-31T15:20:45.518Z] [functions] Got req.url=/selfimonke-33fd4/us-central1/convertToTimeFrame, mapping to path=/ {"metadata":{"emulator":{"name":"functions"},"message":"[functions] Got req.url=/selfimonke-33fd4/us-central1/convertToTimeFrame, mapping to path=/"}}
[debug] [2022-05-31T15:20:45.520Z] [runtime-status] [19099] Ephemeral server handling OPTIONS request {"metadata":{"emulator":{"name":"functions"},"function":{"name":"us-central1-convertToTimeFrame"},"extension":{},"message":"[runtime-status] [19099] Ephemeral server handling OPTIONS request"}}
[debug] [2022-05-31T15:20:45.520Z] [runtime-status] [19098] Ephemeral server handling OPTIONS request {"metadata":{"emulator":{"name":"functions"},"function":{"name":"us-central1-convertToTimeFrame"},"extension":{},"message":"[runtime-status] [19098] Ephemeral server handling OPTIONS request"}}
[debug] [2022-05-31T15:20:45.520Z] [runtime-status] [19098] Ephemeral server survived. {"metadata":{"emulator":{"name":"functions"},"function":{"name":"us-central1-convertToTimeFrame"},"extension":{},"message":"[runtime-status] [19098] Ephemeral server survived."}}
[debug] [2022-05-31T15:20:45.521Z] [runtime-status] [19099] Ephemeral server survived. {"metadata":{"emulator":{"name":"functions"},"function":{"name":"us-central1-convertToTimeFrame"},"extension":{},"message":"[runtime-status] [19099] Ephemeral server survived."}}
[info] i  functions: Finished "convertToTimeFrame" in ~1s {"metadata":{"emulator":{"name":"functions"},"function":{"name":"us-central1-convertToTimeFrame"},"extension":{},"message":"Finished \"convertToTimeFrame\" in ~1s"}}
[debug] [2022-05-31T15:20:45.521Z] [worker-us-central1-convertToTimeFrame-f07e79d9-27fb-427c-b930-db733fee727e]: IDLE {"metadata":{"emulator":{"name":"functions"},"message":"[worker-us-central1-convertToTimeFrame-f07e79d9-27fb-427c-b930-db733fee727e]: IDLE"}}
[debug] [2022-05-31T15:20:45.521Z] [work-queue] {"queueLength":0,"workRunningCount":1}
[info] i  functions: Finished "convertToTimeFrame" in ~1s {"metadata":{"emulator":{"name":"functions"},"function":{"name":"us-central1-convertToTimeFrame"},"extension":{},"message":"Finished \"convertToTimeFrame\" in ~1s"}}
[debug] [2022-05-31T15:20:45.521Z] [worker-us-central1-convertToTimeFrame-e1e8df46-08c8-4b46-bbe5-2c3e4fd55604]: IDLE {"metadata":{"emulator":{"name":"functions"},"message":"[worker-us-central1-convertToTimeFrame-e1e8df46-08c8-4b46-bbe5-2c3e4fd55604]: IDLE"}}
[debug] [2022-05-31T15:20:45.521Z] [work-queue] {"queueLength":0,"workRunningCount":0}
[debug] [2022-05-31T15:20:45.522Z] [work-queue] {"queueLength":1,"workRunningCount":0}
[debug] [2022-05-31T15:20:45.522Z] [work-queue] {"queueLength":0,"workRunningCount":1}
[debug] [2022-05-31T15:20:45.522Z] Accepted request POST /selfimonke-33fd4/us-central1/convertToTimeFrame --> us-central1-convertToTimeFrame
[debug] [2022-05-31T15:20:45.522Z] [worker-pool] submitWork(triggerId=us-central1-convertToTimeFrame) {"metadata":{"emulator":{"name":"functions"},"message":"[worker-pool] submitWork(triggerId=us-central1-convertToTimeFrame)"}}
[debug] [2022-05-31T15:20:45.522Z] [worker-us-central1-convertToTimeFrame-f07e79d9-27fb-427c-b930-db733fee727e]: Assigning socketPath: /var/folders/w5/1bw0zjj17sz074z5w34xlb8m0000gn/T/fire_emu_19098.sock {"metadata":{"emulator":{"name":"functions"},"message":"[worker-us-central1-convertToTimeFrame-f07e79d9-27fb-427c-b930-db733fee727e]: Assigning socketPath: /var/folders/w5/1bw0zjj17sz074z5w34xlb8m0000gn/T/fire_emu_19098.sock"}}
[debug] [2022-05-31T15:20:45.522Z] [worker-us-central1-convertToTimeFrame-f07e79d9-27fb-427c-b930-db733fee727e]: BUSY {"metadata":{"emulator":{"name":"functions"},"message":"[worker-us-central1-convertToTimeFrame-f07e79d9-27fb-427c-b930-db733fee727e]: BUSY"}}
[debug] [2022-05-31T15:20:45.522Z] [work-queue] {"queueLength":1,"workRunningCount":1}
[debug] [2022-05-31T15:20:45.522Z] [work-queue] {"queueLength":0,"workRunningCount":2}
[debug] [2022-05-31T15:20:45.523Z] Accepted request POST /selfimonke-33fd4/us-central1/convertToTimeFrame --> us-central1-convertToTimeFrame
[debug] [2022-05-31T15:20:45.523Z] [worker-pool] submitWork(triggerId=us-central1-convertToTimeFrame) {"metadata":{"emulator":{"name":"functions"},"message":"[worker-pool] submitWork(triggerId=us-central1-convertToTimeFrame)"}}
[debug] [2022-05-31T15:20:45.523Z] [worker-us-central1-convertToTimeFrame-e1e8df46-08c8-4b46-bbe5-2c3e4fd55604]: Assigning socketPath: /var/folders/w5/1bw0zjj17sz074z5w34xlb8m0000gn/T/fire_emu_19099.sock {"metadata":{"emulator":{"name":"functions"},"message":"[worker-us-central1-convertToTimeFrame-e1e8df46-08c8-4b46-bbe5-2c3e4fd55604]: Assigning socketPath: /var/folders/w5/1bw0zjj17sz074z5w34xlb8m0000gn/T/fire_emu_19099.sock"}}
[debug] [2022-05-31T15:20:45.523Z] [worker-us-central1-convertToTimeFrame-e1e8df46-08c8-4b46-bbe5-2c3e4fd55604]: BUSY {"metadata":{"emulator":{"name":"functions"},"message":"[worker-us-central1-convertToTimeFrame-e1e8df46-08c8-4b46-bbe5-2c3e4fd55604]: BUSY"}}
[debug] [2022-05-31T15:20:45.531Z] [runtime-status] [19098] Beginning invocation function convertToTimeFrame! {"metadata":{"emulator":{"name":"functions"},"function":{"name":"us-central1-convertToTimeFrame"},"extension":{},"message":"[runtime-status] [19098] Beginning invocation function convertToTimeFrame!"}}
[info] i  functions: Beginning execution of "convertToTimeFrame" {"metadata":{"emulator":{"name":"functions"},"function":{"name":"us-central1-convertToTimeFrame"},"extension":{},"message":"Beginning execution of \"convertToTimeFrame\""}}
[debug] [2022-05-31T15:20:45.531Z] [runtime-status] [19098] Running convertToTimeFrame in signature http {"metadata":{"emulator":{"name":"functions"},"function":{"name":"us-central1-convertToTimeFrame"},"extension":{},"message":"[runtime-status] [19098] Running convertToTimeFrame in signature http"}}
[debug] [2022-05-31T15:20:45.531Z] [runtime-status] [19098] Attempting to listen to socketPath: /var/folders/w5/1bw0zjj17sz074z5w34xlb8m0000gn/T/fire_emu_19098.sock {"metadata":{"emulator":{"name":"functions"},"function":{"name":"us-central1-convertToTimeFrame"},"extension":{},"message":"[runtime-status] [19098] Attempting to listen to socketPath: /var/folders/w5/1bw0zjj17sz074z5w34xlb8m0000gn/T/fire_emu_19098.sock"}}
[debug] [2022-05-31T15:20:45.532Z] [functions] Runtime ready! Sending request! {"metadata":{"emulator":{"name":"functions"},"message":"[functions] Runtime ready! Sending request!"}}
[debug] [2022-05-31T15:20:45.532Z] [functions] Got req.url=/selfimonke-33fd4/us-central1/convertToTimeFrame, mapping to path=/ {"metadata":{"emulator":{"name":"functions"},"message":"[functions] Got req.url=/selfimonke-33fd4/us-central1/convertToTimeFrame, mapping to path=/"}}
[debug] [2022-05-31T15:20:45.532Z] [runtime-status] [19099] Beginning invocation function convertToTimeFrame! {"metadata":{"emulator":{"name":"functions"},"function":{"name":"us-central1-convertToTimeFrame"},"extension":{},"message":"[runtime-status] [19099] Beginning invocation function convertToTimeFrame!"}}
[info] i  functions: Beginning execution of "convertToTimeFrame" {"metadata":{"emulator":{"name":"functions"},"function":{"name":"us-central1-convertToTimeFrame"},"extension":{},"message":"Beginning execution of \"convertToTimeFrame\""}}
[debug] [2022-05-31T15:20:45.532Z] [runtime-status] [19099] Running convertToTimeFrame in signature http {"metadata":{"emulator":{"name":"functions"},"function":{"name":"us-central1-convertToTimeFrame"},"extension":{},"message":"[runtime-status] [19099] Running convertToTimeFrame in signature http"}}
[debug] [2022-05-31T15:20:45.532Z] [runtime-status] [19099] Attempting to listen to socketPath: /var/folders/w5/1bw0zjj17sz074z5w34xlb8m0000gn/T/fire_emu_19099.sock {"metadata":{"emulator":{"name":"functions"},"function":{"name":"us-central1-convertToTimeFrame"},"extension":{},"message":"[runtime-status] [19099] Attempting to listen to socketPath: /var/folders/w5/1bw0zjj17sz074z5w34xlb8m0000gn/T/fire_emu_19099.sock"}}
[debug] [2022-05-31T15:20:45.532Z] [functions] Runtime ready! Sending request! {"metadata":{"emulator":{"name":"functions"},"message":"[functions] Runtime ready! Sending request!"}}
[debug] [2022-05-31T15:20:45.533Z] [functions] Got req.url=/selfimonke-33fd4/us-central1/convertToTimeFrame, mapping to path=/ {"metadata":{"emulator":{"name":"functions"},"message":"[functions] Got req.url=/selfimonke-33fd4/us-central1/convertToTimeFrame, mapping to path=/"}}
[debug] [2022-05-31T15:20:45.534Z] [runtime-status] [19098] Ephemeral server handling POST request {"metadata":{"emulator":{"name":"functions"},"function":{"name":"us-central1-convertToTimeFrame"},"extension":{},"message":"[runtime-status] [19098] Ephemeral server handling POST request"}}
[info] >  ZvkX9W7aF7VG2RYdjzaYt6dNZr22 [object Object] {"user":"ZvkX9W7aF7VG2RYdjzaYt6dNZr22 [object Object]","metadata":{"emulator":{"name":"functions"},"function":{"name":"us-central1-convertToTimeFrame"},"extension":{},"message":"\u001b[90m> \u001b[39m ZvkX9W7aF7VG2RYdjzaYt6dNZr22 [object Object]"}}
[debug] [2022-05-31T15:20:45.534Z] [runtime-status] [19099] Ephemeral server handling POST request {"metadata":{"emulator":{"name":"functions"},"function":{"name":"us-central1-convertToTimeFrame"},"extension":{},"message":"[runtime-status] [19099] Ephemeral server handling POST request"}}
[info] >  ZvkX9W7aF7VG2RYdjzaYt6dNZr22 [object Object] {"user":"ZvkX9W7aF7VG2RYdjzaYt6dNZr22 [object Object]","metadata":{"emulator":{"name":"functions"},"function":{"name":"us-central1-convertToTimeFrame"},"extension":{},"message":"\u001b[90m> \u001b[39m ZvkX9W7aF7VG2RYdjzaYt6dNZr22 [object Object]"}}
[debug] [2022-05-31T15:20:45.534Z] [runtime-status] [19098] Ephemeral server survived. {"metadata":{"emulator":{"name":"functions"},"function":{"name":"us-central1-convertToTimeFrame"},"extension":{},"message":"[runtime-status] [19098] Ephemeral server survived."}}
[debug] [2022-05-31T15:20:45.534Z] [runtime-status] [19099] Ephemeral server survived. {"metadata":{"emulator":{"name":"functions"},"function":{"name":"us-central1-convertToTimeFrame"},"extension":{},"message":"[runtime-status] [19099] Ephemeral server survived."}}
[info] i  functions: Finished "convertToTimeFrame" in ~1s {"metadata":{"emulator":{"name":"functions"},"function":{"name":"us-central1-convertToTimeFrame"},"extension":{},"message":"Finished \"convertToTimeFrame\" in ~1s"}}
[debug] [2022-05-31T15:20:45.614Z] [worker-us-central1-convertToTimeFrame-f07e79d9-27fb-427c-b930-db733fee727e]: IDLE {"metadata":{"emulator":{"name":"functions"},"message":"[worker-us-central1-convertToTimeFrame-f07e79d9-27fb-427c-b930-db733fee727e]: IDLE"}}
[debug] [2022-05-31T15:20:45.614Z] [work-queue] {"queueLength":0,"workRunningCount":1}
[info] i  functions: Finished "convertToTimeFrame" in ~1s {"metadata":{"emulator":{"name":"functions"},"function":{"name":"us-central1-convertToTimeFrame"},"extension":{},"message":"Finished \"convertToTimeFrame\" in ~1s"}}
[debug] [2022-05-31T15:20:45.614Z] [worker-us-central1-convertToTimeFrame-e1e8df46-08c8-4b46-bbe5-2c3e4fd55604]: IDLE {"metadata":{"emulator":{"name":"functions"},"message":"[worker-us-central1-convertToTimeFrame-e1e8df46-08c8-4b46-bbe5-2c3e4fd55604]: IDLE"}}
[debug] [2022-05-31T15:20:45.614Z] [work-queue] {"queueLength":0,"workRunningCount":0}
[debug] [2022-05-31T15:20:48.300Z] [work-queue] {"queueLength":1,"workRunningCount":0}
[debug] [2022-05-31T15:20:48.302Z] [work-queue] {"queueLength":0,"workRunningCount":1}
[debug] [2022-05-31T15:20:48.303Z] Accepted request POST /selfimonke-33fd4/us-central1/convertToTimeFrame --> us-central1-convertToTimeFrame
[debug] [2022-05-31T15:20:48.303Z] [worker-pool] submitWork(triggerId=us-central1-convertToTimeFrame) {"metadata":{"emulator":{"name":"functions"},"message":"[worker-pool] submitWork(triggerId=us-central1-convertToTimeFrame)"}}
[debug] [2022-05-31T15:20:48.303Z] [worker-us-central1-convertToTimeFrame-f07e79d9-27fb-427c-b930-db733fee727e]: Assigning socketPath: /var/folders/w5/1bw0zjj17sz074z5w34xlb8m0000gn/T/fire_emu_19098.sock {"metadata":{"emulator":{"name":"functions"},"message":"[worker-us-central1-convertToTimeFrame-f07e79d9-27fb-427c-b930-db733fee727e]: Assigning socketPath: /var/folders/w5/1bw0zjj17sz074z5w34xlb8m0000gn/T/fire_emu_19098.sock"}}
[debug] [2022-05-31T15:20:48.303Z] [worker-us-central1-convertToTimeFrame-f07e79d9-27fb-427c-b930-db733fee727e]: BUSY {"metadata":{"emulator":{"name":"functions"},"message":"[worker-us-central1-convertToTimeFrame-f07e79d9-27fb-427c-b930-db733fee727e]: BUSY"}}
[debug] [2022-05-31T15:20:48.305Z] [runtime-status] [19098] Beginning invocation function convertToTimeFrame! {"metadata":{"emulator":{"name":"functions"},"function":{"name":"us-central1-convertToTimeFrame"},"extension":{},"message":"[runtime-status] [19098] Beginning invocation function convertToTimeFrame!"}}
[info] i  functions: Beginning execution of "convertToTimeFrame" {"metadata":{"emulator":{"name":"functions"},"function":{"name":"us-central1-convertToTimeFrame"},"extension":{},"message":"Beginning execution of \"convertToTimeFrame\""}}
[debug] [2022-05-31T15:20:48.306Z] [runtime-status] [19098] Running convertToTimeFrame in signature http {"metadata":{"emulator":{"name":"functions"},"function":{"name":"us-central1-convertToTimeFrame"},"extension":{},"message":"[runtime-status] [19098] Running convertToTimeFrame in signature http"}}
[debug] [2022-05-31T15:20:48.307Z] [runtime-status] [19098] Attempting to listen to socketPath: /var/folders/w5/1bw0zjj17sz074z5w34xlb8m0000gn/T/fire_emu_19098.sock {"metadata":{"emulator":{"name":"functions"},"function":{"name":"us-central1-convertToTimeFrame"},"extension":{},"message":"[runtime-status] [19098] Attempting to listen to socketPath: /var/folders/w5/1bw0zjj17sz074z5w34xlb8m0000gn/T/fire_emu_19098.sock"}}
[debug] [2022-05-31T15:20:48.309Z] [functions] Runtime ready! Sending request! {"metadata":{"emulator":{"name":"functions"},"message":"[functions] Runtime ready! Sending request!"}}
[debug] [2022-05-31T15:20:48.309Z] [functions] Got req.url=/selfimonke-33fd4/us-central1/convertToTimeFrame, mapping to path=/ {"metadata":{"emulator":{"name":"functions"},"message":"[functions] Got req.url=/selfimonke-33fd4/us-central1/convertToTimeFrame, mapping to path=/"}}
[debug] [2022-05-31T15:20:48.314Z] [runtime-status] [19098] Ephemeral server handling POST request {"metadata":{"emulator":{"name":"functions"},"function":{"name":"us-central1-convertToTimeFrame"},"extension":{},"message":"[runtime-status] [19098] Ephemeral server handling POST request"}}
[info] >  ZvkX9W7aF7VG2RYdjzaYt6dNZr22 [object Object] {"user":"ZvkX9W7aF7VG2RYdjzaYt6dNZr22 [object Object]","metadata":{"emulator":{"name":"functions"},"function":{"name":"us-central1-convertToTimeFrame"},"extension":{},"message":"\u001b[90m> \u001b[39m ZvkX9W7aF7VG2RYdjzaYt6dNZr22 [object Object]"}}
[debug] [2022-05-31T15:20:48.317Z] [runtime-status] [19098] Ephemeral server survived. {"metadata":{"emulator":{"name":"functions"},"function":{"name":"us-central1-convertToTimeFrame"},"extension":{},"message":"[runtime-status] [19098] Ephemeral server survived."}}
[info] i  functions: Finished "convertToTimeFrame" in ~1s {"metadata":{"emulator":{"name":"functions"},"function":{"name":"us-central1-convertToTimeFrame"},"extension":{},"message":"Finished \"convertToTimeFrame\" in ~1s"}}
[debug] [2022-05-31T15:20:48.392Z] [worker-us-central1-convertToTimeFrame-f07e79d9-27fb-427c-b930-db733fee727e]: IDLE {"metadata":{"emulator":{"name":"functions"},"message":"[worker-us-central1-convertToTimeFrame-f07e79d9-27fb-427c-b930-db733fee727e]: IDLE"}}
[debug] [2022-05-31T15:20:48.393Z] [work-queue] {"queueLength":0,"workRunningCount":0}
[debug] [2022-05-31T15:21:08.994Z] [work-queue] {"queueLength":1,"workRunningCount":0}
[debug] [2022-05-31T15:21:08.994Z] [work-queue] {"queueLength":0,"workRunningCount":1}
[debug] [2022-05-31T15:21:08.994Z] Accepted request OPTIONS /selfimonke-33fd4/us-central1/convertToTimeFrame --> us-central1-convertToTimeFrame
[debug] [2022-05-31T15:21:08.994Z] [worker-pool] submitWork(triggerId=us-central1-convertToTimeFrame) {"metadata":{"emulator":{"name":"functions"},"message":"[worker-pool] submitWork(triggerId=us-central1-convertToTimeFrame)"}}
[debug] [2022-05-31T15:21:08.994Z] [worker-us-central1-convertToTimeFrame-f07e79d9-27fb-427c-b930-db733fee727e]: Assigning socketPath: /var/folders/w5/1bw0zjj17sz074z5w34xlb8m0000gn/T/fire_emu_19098.sock {"metadata":{"emulator":{"name":"functions"},"message":"[worker-us-central1-convertToTimeFrame-f07e79d9-27fb-427c-b930-db733fee727e]: Assigning socketPath: /var/folders/w5/1bw0zjj17sz074z5w34xlb8m0000gn/T/fire_emu_19098.sock"}}
[debug] [2022-05-31T15:21:08.995Z] [worker-us-central1-convertToTimeFrame-f07e79d9-27fb-427c-b930-db733fee727e]: BUSY {"metadata":{"emulator":{"name":"functions"},"message":"[worker-us-central1-convertToTimeFrame-f07e79d9-27fb-427c-b930-db733fee727e]: BUSY"}}
[debug] [2022-05-31T15:21:08.995Z] [runtime-status] [19098] Beginning invocation function convertToTimeFrame! {"metadata":{"emulator":{"name":"functions"},"function":{"name":"us-central1-convertToTimeFrame"},"extension":{},"message":"[runtime-status] [19098] Beginning invocation function convertToTimeFrame!"}}
[info] i  functions: Beginning execution of "convertToTimeFrame" {"metadata":{"emulator":{"name":"functions"},"function":{"name":"us-central1-convertToTimeFrame"},"extension":{},"message":"Beginning execution of \"convertToTimeFrame\""}}
[debug] [2022-05-31T15:21:08.997Z] [runtime-status] [19098] Running convertToTimeFrame in signature http {"metadata":{"emulator":{"name":"functions"},"function":{"name":"us-central1-convertToTimeFrame"},"extension":{},"message":"[runtime-status] [19098] Running convertToTimeFrame in signature http"}}
[debug] [2022-05-31T15:21:08.997Z] [runtime-status] [19098] Attempting to listen to socketPath: /var/folders/w5/1bw0zjj17sz074z5w34xlb8m0000gn/T/fire_emu_19098.sock {"metadata":{"emulator":{"name":"functions"},"function":{"name":"us-central1-convertToTimeFrame"},"extension":{},"message":"[runtime-status] [19098] Attempting to listen to socketPath: /var/folders/w5/1bw0zjj17sz074z5w34xlb8m0000gn/T/fire_emu_19098.sock"}}
[debug] [2022-05-31T15:21:08.997Z] [functions] Runtime ready! Sending request! {"metadata":{"emulator":{"name":"functions"},"message":"[functions] Runtime ready! Sending request!"}}
[debug] [2022-05-31T15:21:08.998Z] [functions] Got req.url=/selfimonke-33fd4/us-central1/convertToTimeFrame, mapping to path=/ {"metadata":{"emulator":{"name":"functions"},"message":"[functions] Got req.url=/selfimonke-33fd4/us-central1/convertToTimeFrame, mapping to path=/"}}
[debug] [2022-05-31T15:21:09.003Z] [runtime-status] [19098] Ephemeral server handling OPTIONS request {"metadata":{"emulator":{"name":"functions"},"function":{"name":"us-central1-convertToTimeFrame"},"extension":{},"message":"[runtime-status] [19098] Ephemeral server handling OPTIONS request"}}
[debug] [2022-05-31T15:21:09.006Z] [work-queue] {"queueLength":1,"workRunningCount":1}
[debug] [2022-05-31T15:21:09.006Z] [work-queue] {"queueLength":0,"workRunningCount":2}
[debug] [2022-05-31T15:21:09.006Z] Accepted request POST /selfimonke-33fd4/us-central1/convertToTimeFrame --> us-central1-convertToTimeFrame
[debug] [2022-05-31T15:21:09.006Z] [worker-pool] submitWork(triggerId=us-central1-convertToTimeFrame) {"metadata":{"emulator":{"name":"functions"},"message":"[worker-pool] submitWork(triggerId=us-central1-convertToTimeFrame)"}}
[debug] [2022-05-31T15:21:09.006Z] [worker-us-central1-convertToTimeFrame-e1e8df46-08c8-4b46-bbe5-2c3e4fd55604]: Assigning socketPath: /var/folders/w5/1bw0zjj17sz074z5w34xlb8m0000gn/T/fire_emu_19099.sock {"metadata":{"emulator":{"name":"functions"},"message":"[worker-us-central1-convertToTimeFrame-e1e8df46-08c8-4b46-bbe5-2c3e4fd55604]: Assigning socketPath: /var/folders/w5/1bw0zjj17sz074z5w34xlb8m0000gn/T/fire_emu_19099.sock"}}
[debug] [2022-05-31T15:21:09.006Z] [worker-us-central1-convertToTimeFrame-e1e8df46-08c8-4b46-bbe5-2c3e4fd55604]: BUSY {"metadata":{"emulator":{"name":"functions"},"message":"[worker-us-central1-convertToTimeFrame-e1e8df46-08c8-4b46-bbe5-2c3e4fd55604]: BUSY"}}
[debug] [2022-05-31T15:21:09.006Z] [runtime-status] [19098] Ephemeral server survived. {"metadata":{"emulator":{"name":"functions"},"function":{"name":"us-central1-convertToTimeFrame"},"extension":{},"message":"[runtime-status] [19098] Ephemeral server survived."}}
[info] i  functions: Finished "convertToTimeFrame" in ~1s {"metadata":{"emulator":{"name":"functions"},"function":{"name":"us-central1-convertToTimeFrame"},"extension":{},"message":"Finished \"convertToTimeFrame\" in ~1s"}}
[debug] [2022-05-31T15:21:09.007Z] [worker-us-central1-convertToTimeFrame-f07e79d9-27fb-427c-b930-db733fee727e]: IDLE {"metadata":{"emulator":{"name":"functions"},"message":"[worker-us-central1-convertToTimeFrame-f07e79d9-27fb-427c-b930-db733fee727e]: IDLE"}}
[debug] [2022-05-31T15:21:09.007Z] [work-queue] {"queueLength":0,"workRunningCount":1}
[debug] [2022-05-31T15:21:09.007Z] [runtime-status] [19099] Beginning invocation function convertToTimeFrame! {"metadata":{"emulator":{"name":"functions"},"function":{"name":"us-central1-convertToTimeFrame"},"extension":{},"message":"[runtime-status] [19099] Beginning invocation function convertToTimeFrame!"}}
[info] i  functions: Beginning execution of "convertToTimeFrame" {"metadata":{"emulator":{"name":"functions"},"function":{"name":"us-central1-convertToTimeFrame"},"extension":{},"message":"Beginning execution of \"convertToTimeFrame\""}}
[debug] [2022-05-31T15:21:09.007Z] [runtime-status] [19099] Running convertToTimeFrame in signature http {"metadata":{"emulator":{"name":"functions"},"function":{"name":"us-central1-convertToTimeFrame"},"extension":{},"message":"[runtime-status] [19099] Running convertToTimeFrame in signature http"}}
[debug] [2022-05-31T15:21:09.007Z] [runtime-status] [19099] Attempting to listen to socketPath: /var/folders/w5/1bw0zjj17sz074z5w34xlb8m0000gn/T/fire_emu_19099.sock {"metadata":{"emulator":{"name":"functions"},"function":{"name":"us-central1-convertToTimeFrame"},"extension":{},"message":"[runtime-status] [19099] Attempting to listen to socketPath: /var/folders/w5/1bw0zjj17sz074z5w34xlb8m0000gn/T/fire_emu_19099.sock"}}
[debug] [2022-05-31T15:21:09.008Z] [functions] Runtime ready! Sending request! {"metadata":{"emulator":{"name":"functions"},"message":"[functions] Runtime ready! Sending request!"}}
[debug] [2022-05-31T15:21:09.008Z] [functions] Got req.url=/selfimonke-33fd4/us-central1/convertToTimeFrame, mapping to path=/ {"metadata":{"emulator":{"name":"functions"},"message":"[functions] Got req.url=/selfimonke-33fd4/us-central1/convertToTimeFrame, mapping to path=/"}}
[debug] [2022-05-31T15:21:09.009Z] [runtime-status] [19099] Ephemeral server handling POST request {"metadata":{"emulator":{"name":"functions"},"function":{"name":"us-central1-convertToTimeFrame"},"extension":{},"message":"[runtime-status] [19099] Ephemeral server handling POST request"}}
[info] >  ZvkX9W7aF7VG2RYdjzaYt6dNZr22 [object Object] {"user":"ZvkX9W7aF7VG2RYdjzaYt6dNZr22 [object Object]","metadata":{"emulator":{"name":"functions"},"function":{"name":"us-central1-convertToTimeFrame"},"extension":{},"message":"\u001b[90m> \u001b[39m ZvkX9W7aF7VG2RYdjzaYt6dNZr22 [object Object]"}}
[debug] [2022-05-31T15:21:09.009Z] [runtime-status] [19099] Ephemeral server survived. {"metadata":{"emulator":{"name":"functions"},"function":{"name":"us-central1-convertToTimeFrame"},"extension":{},"message":"[runtime-status] [19099] Ephemeral server survived."}}
[info] i  functions: Finished "convertToTimeFrame" in ~1s {"metadata":{"emulator":{"name":"functions"},"function":{"name":"us-central1-convertToTimeFrame"},"extension":{},"message":"Finished \"convertToTimeFrame\" in ~1s"}}
[debug] [2022-05-31T15:21:09.079Z] [worker-us-central1-convertToTimeFrame-e1e8df46-08c8-4b46-bbe5-2c3e4fd55604]: IDLE {"metadata":{"emulator":{"name":"functions"},"message":"[worker-us-central1-convertToTimeFrame-e1e8df46-08c8-4b46-bbe5-2c3e4fd55604]: IDLE"}}
[debug] [2022-05-31T15:21:09.079Z] [work-queue] {"queueLength":0,"workRunningCount":0}
[debug] [2022-05-31T15:21:11.228Z] [work-queue] {"queueLength":1,"workRunningCount":0}
[debug] [2022-05-31T15:21:11.228Z] [work-queue] {"queueLength":0,"workRunningCount":1}
[debug] [2022-05-31T15:21:11.228Z] Accepted request POST /selfimonke-33fd4/us-central1/convertToTimeFrame --> us-central1-convertToTimeFrame
[debug] [2022-05-31T15:21:11.228Z] [worker-pool] submitWork(triggerId=us-central1-convertToTimeFrame) {"metadata":{"emulator":{"name":"functions"},"message":"[worker-pool] submitWork(triggerId=us-central1-convertToTimeFrame)"}}
[debug] [2022-05-31T15:21:11.228Z] [worker-us-central1-convertToTimeFrame-f07e79d9-27fb-427c-b930-db733fee727e]: Assigning socketPath: /var/folders/w5/1bw0zjj17sz074z5w34xlb8m0000gn/T/fire_emu_19098.sock {"metadata":{"emulator":{"name":"functions"},"message":"[worker-us-central1-convertToTimeFrame-f07e79d9-27fb-427c-b930-db733fee727e]: Assigning socketPath: /var/folders/w5/1bw0zjj17sz074z5w34xlb8m0000gn/T/fire_emu_19098.sock"}}
[debug] [2022-05-31T15:21:11.228Z] [worker-us-central1-convertToTimeFrame-f07e79d9-27fb-427c-b930-db733fee727e]: BUSY {"metadata":{"emulator":{"name":"functions"},"message":"[worker-us-central1-convertToTimeFrame-f07e79d9-27fb-427c-b930-db733fee727e]: BUSY"}}
[debug] [2022-05-31T15:21:11.230Z] [runtime-status] [19098] Beginning invocation function convertToTimeFrame! {"metadata":{"emulator":{"name":"functions"},"function":{"name":"us-central1-convertToTimeFrame"},"extension":{},"message":"[runtime-status] [19098] Beginning invocation function convertToTimeFrame!"}}
[info] i  functions: Beginning execution of "convertToTimeFrame" {"metadata":{"emulator":{"name":"functions"},"function":{"name":"us-central1-convertToTimeFrame"},"extension":{},"message":"Beginning execution of \"convertToTimeFrame\""}}
[debug] [2022-05-31T15:21:11.230Z] [runtime-status] [19098] Running convertToTimeFrame in signature http {"metadata":{"emulator":{"name":"functions"},"function":{"name":"us-central1-convertToTimeFrame"},"extension":{},"message":"[runtime-status] [19098] Running convertToTimeFrame in signature http"}}
[debug] [2022-05-31T15:21:11.231Z] [runtime-status] [19098] Attempting to listen to socketPath: /var/folders/w5/1bw0zjj17sz074z5w34xlb8m0000gn/T/fire_emu_19098.sock {"metadata":{"emulator":{"name":"functions"},"function":{"name":"us-central1-convertToTimeFrame"},"extension":{},"message":"[runtime-status] [19098] Attempting to listen to socketPath: /var/folders/w5/1bw0zjj17sz074z5w34xlb8m0000gn/T/fire_emu_19098.sock"}}
[debug] [2022-05-31T15:21:11.231Z] [functions] Runtime ready! Sending request! {"metadata":{"emulator":{"name":"functions"},"message":"[functions] Runtime ready! Sending request!"}}
[debug] [2022-05-31T15:21:11.232Z] [functions] Got req.url=/selfimonke-33fd4/us-central1/convertToTimeFrame, mapping to path=/ {"metadata":{"emulator":{"name":"functions"},"message":"[functions] Got req.url=/selfimonke-33fd4/us-central1/convertToTimeFrame, mapping to path=/"}}
[debug] [2022-05-31T15:21:11.234Z] [runtime-status] [19098] Ephemeral server handling POST request {"metadata":{"emulator":{"name":"functions"},"function":{"name":"us-central1-convertToTimeFrame"},"extension":{},"message":"[runtime-status] [19098] Ephemeral server handling POST request"}}
[info] >  ZvkX9W7aF7VG2RYdjzaYt6dNZr22 [object Object] {"user":"ZvkX9W7aF7VG2RYdjzaYt6dNZr22 [object Object]","metadata":{"emulator":{"name":"functions"},"function":{"name":"us-central1-convertToTimeFrame"},"extension":{},"message":"\u001b[90m> \u001b[39m ZvkX9W7aF7VG2RYdjzaYt6dNZr22 [object Object]"}}
[debug] [2022-05-31T15:21:11.236Z] [runtime-status] [19098] Ephemeral server survived. {"metadata":{"emulator":{"name":"functions"},"function":{"name":"us-central1-convertToTimeFrame"},"extension":{},"message":"[runtime-status] [19098] Ephemeral server survived."}}
[info] i  functions: Finished "convertToTimeFrame" in ~1s {"metadata":{"emulator":{"name":"functions"},"function":{"name":"us-central1-convertToTimeFrame"},"extension":{},"message":"Finished \"convertToTimeFrame\" in ~1s"}}
[debug] [2022-05-31T15:21:11.308Z] [worker-us-central1-convertToTimeFrame-f07e79d9-27fb-427c-b930-db733fee727e]: IDLE {"metadata":{"emulator":{"name":"functions"},"message":"[worker-us-central1-convertToTimeFrame-f07e79d9-27fb-427c-b930-db733fee727e]: IDLE"}}
[debug] [2022-05-31T15:21:11.308Z] [work-queue] {"queueLength":0,"workRunningCount":0}
